# JRE version: OpenJDK Runtime Environment (10.0.2+13) (build 10.0.2+13-Ubuntu-1ubuntu0.18.04.2)
# Java VM: OpenJDK 64-Bit Server VM (10.0.2+13-Ubuntu-1ubuntu0.18.04.2, mixed mode, tiered, compressed oops, g1 gc, linux-amd64)
Heap:
 garbage-first heap   total 561152K, used 34854K [0x00000000c4400000, 0x0000000100000000)
  region size 1024K, 1 young (1024K), 1 survivors (1024K)
 Metaspace       used 16709K, capacity 17126K, committed 17536K, reserved 1064960K
  class space    used 1913K, capacity 2118K, committed 2176K, reserved 1048576K
GC Heap History (10 events):
Event: 12,871 GC heap after
{Heap after GC invocations=33 (full 0):
 garbage-first heap   total 281600K, used 32823K [0x00000000c4400000, 0x0000000100000000)
  region size 1024K, 11 young (11264K), 11 survivors (11264K)
 Metaspace       used 16709K, capacity 17126K, committed 17536K, reserved 1064960K
  class space    used 1913K, capacity 2118K, committed 2176K, reserved 1048576K
}
Event: 13,145 GC heap before
{Heap before GC invocations=33 (full 0):
 garbage-first heap   total 281600K, used 190519K [0x00000000c4400000, 0x0000000100000000)
  region size 1024K, 165 young (168960K), 11 survivors (11264K)
 Metaspace       used 16709K, capacity 17126K, committed 17536K, reserved 1064960K
  class space    used 1913K, capacity 2118K, committed 2176K, reserved 1048576K
}
Event: 13,744 GC heap after
{Heap after GC invocations=34 (full 0):
 garbage-first heap   total 281600K, used 34099K [0x00000000c4400000, 0x0000000100000000)
  region size 1024K, 13 young (13312K), 13 survivors (13312K)
 Metaspace       used 16709K, capacity 17126K, committed 17536K, reserved 1064960K
  class space    used 1913K, capacity 2118K, committed 2176K, reserved 1048576K
}
Event: 24,812 GC heap before
{Heap before GC invocations=34 (full 0):
 garbage-first heap   total 281600K, used 189747K [0x00000000c4400000, 0x0000000100000000)
  region size 1024K, 165 young (168960K), 13 survivors (13312K)
 Metaspace       used 16709K, capacity 17126K, committed 17536K, reserved 1064960K
  class space    used 1913K, capacity 2118K, committed 2176K, reserved 1048576K
}
Event: 54,814 GC heap after
{Heap after GC invocations=35 (full 0):
 garbage-first heap   total 281600K, used 35663K [0x00000000c4400000, 0x0000000100000000)
  region size 1024K, 13 young (13312K), 13 survivors (13312K)
 Metaspace       used 16709K, capacity 17126K, committed 17536K, reserved 1064960K
  class space    used 1913K, capacity 2118K, committed 2176K, reserved 1048576K
}
Event: 72,591 GC heap before
{Heap before GC invocations=35 (full 0):
 garbage-first heap   total 281600K, used 36687K [0x00000000c4400000, 0x0000000100000000)
  region size 1024K, 14 young (14336K), 13 survivors (13312K)
 Metaspace       used 16709K, capacity 17126K, committed 17536K, reserved 1064960K
  class space    used 1913K, capacity 2118K, committed 2176K, reserved 1048576K
}
Event: 93,147 GC heap after
{Heap after GC invocations=36 (full 0):
 garbage-first heap   total 281600K, used 35815K [0x00000000c4400000, 0x0000000100000000)
  region size 1024K, 2 young (2048K), 2 survivors (2048K)
 Metaspace       used 16709K, capacity 17126K, committed 17536K, reserved 1064960K
  class space    used 1913K, capacity 2118K, committed 2176K, reserved 1048576K
}
Event: 106,060 GC heap before
{Heap before GC invocations=36 (full 0):
 garbage-first heap   total 281600K, used 47079K [0x00000000c4400000, 0x0000000100000000)
  region size 1024K, 13 young (13312K), 2 survivors (2048K)
 Metaspace       used 16709K, capacity 17126K, committed 17536K, reserved 1064960K
  class space    used 1913K, capacity 2118K, committed 2176K, reserved 1048576K
}
Event: 119,736 GC heap after
{Heap after GC invocations=37 (full 0):
 garbage-first heap   total 281600K, used 34792K [0x00000000c4400000, 0x0000000100000000)
  region size 1024K, 1 young (1024K), 1 survivors (1024K)
 Metaspace       used 16709K, capacity 17126K, committed 17536K, reserved 1064960K
  class space    used 1913K, capacity 2118K, committed 2176K, reserved 1048576K
}
Event: 131,270 GC heap before
{Heap before GC invocations=37 (full 0):
 garbage-first heap   total 281600K, used 47080K [0x00000000c4400000, 0x0000000100000000)
  region size 1024K, 13 young (13312K), 1 survivors (1024K)
 Metaspace       used 16709K, capacity 17126K, committed 17536K, reserved 1064960K
  class space    used 1913K, capacity 2118K, committed 2176K, reserved 1048576K
}

